<?xml version="1.0" encoding="UTF-8"?>
<testng-results ignored="0" total="1" passed="1" failed="0" skipped="0">
  <reporter-output>
  </reporter-output>
  <suite started-at="2022-09-16T12:10:28 EDT" name="Default suite" finished-at="2022-09-16T12:11:32 EDT" duration-ms="63754">
    <groups>
    </groups>
    <test started-at="2022-09-16T12:10:28 EDT" name="Default test" finished-at="2022-09-16T12:11:32 EDT" duration-ms="63754">
      <class name="Assingment.AssignmentBookFlightTest">
        <test-method is-config="true" signature="laundServer()[pri:0, instance:Assingment.AssignmentBookFlightTest@5ddeb7cb]" started-at="2022-09-16T12:10:28 EDT" name="laundServer" finished-at="2022-09-16T12:10:30 EDT" duration-ms="1444" status="PASS">
          <reporter-output>
          </reporter-output>
        </test-method> <!-- laundServer -->
        <test-method is-config="true" signature="LaunchApp()[pri:0, instance:Assingment.AssignmentBookFlightTest@5ddeb7cb]" started-at="2022-09-16T12:10:30 EDT" name="LaunchApp" finished-at="2022-09-16T12:10:44 EDT" duration-ms="14216" status="PASS">
          <reporter-output>
          </reporter-output>
        </test-method> <!-- LaunchApp -->
        <test-method signature="bookFlightAssignment()[pri:0, instance:Assingment.AssignmentBookFlightTest@5ddeb7cb]" started-at="2022-09-16T12:10:44 EDT" name="bookFlightAssignment" finished-at="2022-09-16T12:11:32 EDT" duration-ms="48034" status="PASS">
          <reporter-output>
          </reporter-output>
        </test-method> <!-- bookFlightAssignment -->
        <test-method is-config="true" signature="closeApp()[pri:0, instance:Assingment.AssignmentBookFlightTest@5ddeb7cb]" started-at="2022-09-16T12:11:32 EDT" name="closeApp" finished-at="2022-09-16T12:11:32 EDT" duration-ms="1" status="PASS">
          <reporter-output>
          </reporter-output>
        </test-method> <!-- closeApp -->
        <test-method is-config="true" signature="closeserver()[pri:0, instance:Assingment.AssignmentBookFlightTest@5ddeb7cb]" started-at="2022-09-16T12:11:32 EDT" name="closeserver" finished-at="2022-09-16T12:11:32 EDT" duration-ms="0" status="PASS">
          <reporter-output>
          </reporter-output>
        </test-method> <!-- closeserver -->
      </class> <!-- Assingment.AssignmentBookFlightTest -->
    </test> <!-- Default test -->
  </suite> <!-- Default suite -->
</testng-results>
