<?xml version="1.0" encoding="UTF-8"?>
<testng-results ignored="0" total="1" passed="0" failed="1" skipped="0">
  <reporter-output>
  </reporter-output>
  <suite started-at="2022-09-16T00:26:25 IST" name="Default suite" finished-at="2022-09-16T00:27:17 IST" duration-ms="51394">
    <groups>
    </groups>
    <test started-at="2022-09-16T00:26:25 IST" name="Default test" finished-at="2022-09-16T00:27:17 IST" duration-ms="51394">
      <class name="Assingment.Assignment2">
        <test-method is-config="true" signature="laundServer()[pri:0, instance:Assingment.Assignment2@2ab4bc72]" started-at="2022-09-16T00:26:25 IST" name="laundServer" finished-at="2022-09-16T00:26:26 IST" duration-ms="1082" status="PASS">
          <reporter-output>
          </reporter-output>
        </test-method> <!-- laundServer -->
        <test-method is-config="true" signature="LaunchApp()[pri:0, instance:Assingment.Assignment2@2ab4bc72]" started-at="2022-09-16T00:26:26 IST" name="LaunchApp" finished-at="2022-09-16T00:26:39 IST" duration-ms="12631" status="PASS">
          <reporter-output>
          </reporter-output>
        </test-method> <!-- LaunchApp -->
        <test-method signature="AppiumAssignment()[pri:0, instance:Assingment.Assignment2@2ab4bc72]" started-at="2022-09-16T00:26:39 IST" name="AppiumAssignment" finished-at="2022-09-16T00:27:17 IST" duration-ms="37619" status="FAIL">
          <exception class="org.openqa.selenium.NoSuchElementException">
            <message>
              <![CDATA[An element could not be located on the page using the given search parameters. (WARNING: The server did not provide any stacktrace information)
Command duration or timeout: 35.28 seconds
For documentation on this error, please visit: http://seleniumhq.org/exceptions/no_such_element.html
Build info: version: '2.53.1', revision: 'a36b8b1cd5757287168e54b817830adce9b0158d', time: '2016-06-30 19:26:09'
System info: host: 'DESKTOP-FUG0H6V', ip: '192.168.137.1', os.name: 'Windows 10', os.arch: 'amd64', os.version: '10.0', java.version: '16.0.1'
Driver info: io.appium.java_client.android.AndroidDriver
Capabilities [{appPackage=com.justdial.search, statBarHeight=76, noReset=true, viewportRect={top=76, left=0, width=1080, height=2058}, deviceName=fd09ceee0407, platform=LINUX, deviceUDID=fd09ceee0407, desired={appPackage=com.justdial.search, appActivity=.SplashScreenNewActivity, noReset=true, platformVersion=11 RP1A.200720.011, platformName=Android, udid=fd09ceee0407}, platformVersion=11, webStorageEnabled=false, takesScreenshot=true, javascriptEnabled=true, platformName=Android, udid=fd09ceee0407, deviceApiLevel=30, deviceManufacturer=Xiaomi, deviceScreenSize=1080x2340, networkConnectionEnabled=true, warnings={}, databaseEnabled=false, appActivity=.SplashScreenNewActivity, pixelRatio=2.75, locationContextEnabled=false, deviceScreenDensity=440, deviceModel=M2004J19PI}]
Session ID: ed4bddb6-89ef-4a76-a42a-4bd297c427b7
*** Element info: {Using=xpath, value=//android.widget.TextView[@text='Flights']}]]>
            </message>
            <full-stacktrace>
              <![CDATA[org.openqa.selenium.NoSuchElementException: An element could not be located on the page using the given search parameters. (WARNING: The server did not provide any stacktrace information)
Command duration or timeout: 35.28 seconds
For documentation on this error, please visit: http://seleniumhq.org/exceptions/no_such_element.html
Build info: version: '2.53.1', revision: 'a36b8b1cd5757287168e54b817830adce9b0158d', time: '2016-06-30 19:26:09'
System info: host: 'DESKTOP-FUG0H6V', ip: '192.168.137.1', os.name: 'Windows 10', os.arch: 'amd64', os.version: '10.0', java.version: '16.0.1'
Driver info: io.appium.java_client.android.AndroidDriver
Capabilities [{appPackage=com.justdial.search, statBarHeight=76, noReset=true, viewportRect={top=76, left=0, width=1080, height=2058}, deviceName=fd09ceee0407, platform=LINUX, deviceUDID=fd09ceee0407, desired={appPackage=com.justdial.search, appActivity=.SplashScreenNewActivity, noReset=true, platformVersion=11 RP1A.200720.011, platformName=Android, udid=fd09ceee0407}, platformVersion=11, webStorageEnabled=false, takesScreenshot=true, javascriptEnabled=true, platformName=Android, udid=fd09ceee0407, deviceApiLevel=30, deviceManufacturer=Xiaomi, deviceScreenSize=1080x2340, networkConnectionEnabled=true, warnings={}, databaseEnabled=false, appActivity=.SplashScreenNewActivity, pixelRatio=2.75, locationContextEnabled=false, deviceScreenDensity=440, deviceModel=M2004J19PI}]
Session ID: ed4bddb6-89ef-4a76-a42a-4bd297c427b7
*** Element info: {Using=xpath, value=//android.widget.TextView[@text='Flights']}
at java.base/jdk.internal.reflect.NativeConstructorAccessorImpl.newInstance0(Native Method)
at java.base/jdk.internal.reflect.NativeConstructorAccessorImpl.newInstance(NativeConstructorAccessorImpl.java:78)
at java.base/jdk.internal.reflect.DelegatingConstructorAccessorImpl.newInstance(DelegatingConstructorAccessorImpl.java:45)
at java.base/java.lang.reflect.Constructor.newInstanceWithCaller(Constructor.java:499)
at java.base/java.lang.reflect.Constructor.newInstance(Constructor.java:480)
at org.openqa.selenium.remote.ErrorHandler.createThrowable(ErrorHandler.java:206)
at org.openqa.selenium.remote.ErrorHandler.throwIfResponseFailed(ErrorHandler.java:158)
at org.openqa.selenium.remote.RemoteWebDriver.execute(RemoteWebDriver.java:678)
at io.appium.java_client.DefaultGenericMobileDriver.execute(DefaultGenericMobileDriver.java:40)
at io.appium.java_client.AppiumDriver.execute(AppiumDriver.java:1)
at io.appium.java_client.android.AndroidDriver.execute(AndroidDriver.java:1)
at org.openqa.selenium.remote.RemoteWebDriver.findElement(RemoteWebDriver.java:363)
at io.appium.java_client.DefaultGenericMobileDriver.findElement(DefaultGenericMobileDriver.java:56)
at io.appium.java_client.AppiumDriver.findElement(AppiumDriver.java:1)
at io.appium.java_client.android.AndroidDriver.findElement(AndroidDriver.java:1)
at org.openqa.selenium.remote.RemoteWebDriver.findElementByXPath(RemoteWebDriver.java:500)
at io.appium.java_client.DefaultGenericMobileDriver.findElementByXPath(DefaultGenericMobileDriver.java:134)
at io.appium.java_client.AppiumDriver.findElementByXPath(AppiumDriver.java:1)
at io.appium.java_client.android.AndroidDriver.findElementByXPath(AndroidDriver.java:1)
at org.openqa.selenium.By$ByXPath.findElement(By.java:361)
at org.openqa.selenium.remote.RemoteWebDriver.findElement(RemoteWebDriver.java:355)
at io.appium.java_client.DefaultGenericMobileDriver.findElement(DefaultGenericMobileDriver.java:52)
at io.appium.java_client.AppiumDriver.findElement(AppiumDriver.java:1)
at io.appium.java_client.android.AndroidDriver.findElement(AndroidDriver.java:1)
at org.openqa.selenium.support.pagefactory.DefaultElementLocator.findElement(DefaultElementLocator.java:69)
at org.openqa.selenium.support.pagefactory.internal.LocatingElementHandler.invoke(LocatingElementHandler.java:38)
at jdk.proxy2/jdk.proxy2.$Proxy12.click(Unknown Source)
at JustDialObjectRepository.VerifyNavigationBar.roundTripTravel(VerifyNavigationBar.java:46)
at Assingment.Assignment2.AppiumAssignment(Assignment2.java:17)
at java.base/jdk.internal.reflect.NativeMethodAccessorImpl.invoke0(Native Method)
at java.base/jdk.internal.reflect.NativeMethodAccessorImpl.invoke(NativeMethodAccessorImpl.java:78)
at java.base/jdk.internal.reflect.DelegatingMethodAccessorImpl.invoke(DelegatingMethodAccessorImpl.java:43)
at java.base/java.lang.reflect.Method.invoke(Method.java:567)
at org.testng.internal.MethodInvocationHelper.invokeMethod(MethodInvocationHelper.java:133)
at org.testng.internal.TestInvoker.invokeMethod(TestInvoker.java:598)
at org.testng.internal.TestInvoker.invokeTestMethod(TestInvoker.java:173)
at org.testng.internal.MethodRunner.runInSequence(MethodRunner.java:46)
at org.testng.internal.TestInvoker$MethodInvocationAgent.invoke(TestInvoker.java:824)
at org.testng.internal.TestInvoker.invokeTestMethods(TestInvoker.java:146)
at org.testng.internal.TestMethodWorker.invokeTestMethods(TestMethodWorker.java:146)
at org.testng.internal.TestMethodWorker.run(TestMethodWorker.java:128)
at java.base/java.util.ArrayList.forEach(ArrayList.java:1511)
at org.testng.TestRunner.privateRun(TestRunner.java:794)
at org.testng.TestRunner.run(TestRunner.java:596)
at org.testng.SuiteRunner.runTest(SuiteRunner.java:377)
at org.testng.SuiteRunner.runSequentially(SuiteRunner.java:371)
at org.testng.SuiteRunner.privateRun(SuiteRunner.java:332)
at org.testng.SuiteRunner.run(SuiteRunner.java:276)
at org.testng.SuiteRunnerWorker.runSuite(SuiteRunnerWorker.java:53)
at org.testng.SuiteRunnerWorker.run(SuiteRunnerWorker.java:96)
at org.testng.TestNG.runSuitesSequentially(TestNG.java:1212)
at org.testng.TestNG.runSuitesLocally(TestNG.java:1134)
at org.testng.TestNG.runSuites(TestNG.java:1063)
at org.testng.TestNG.run(TestNG.java:1031)
at org.testng.remote.AbstractRemoteTestNG.run(AbstractRemoteTestNG.java:115)
at org.testng.remote.RemoteTestNG.initAndRun(RemoteTestNG.java:251)
at org.testng.remote.RemoteTestNG.main(RemoteTestNG.java:77)
]]>
            </full-stacktrace>
          </exception> <!-- org.openqa.selenium.NoSuchElementException -->
          <reporter-output>
          </reporter-output>
        </test-method> <!-- AppiumAssignment -->
        <test-method is-config="true" signature="closeApp()[pri:0, instance:Assingment.Assignment2@2ab4bc72]" started-at="2022-09-16T00:27:17 IST" name="closeApp" finished-at="2022-09-16T00:27:17 IST" duration-ms="1" status="PASS">
          <reporter-output>
          </reporter-output>
        </test-method> <!-- closeApp -->
        <test-method is-config="true" signature="closeserver()[pri:0, instance:Assingment.Assignment2@2ab4bc72]" started-at="2022-09-16T00:27:17 IST" name="closeserver" finished-at="2022-09-16T00:27:17 IST" duration-ms="1" status="PASS">
          <reporter-output>
          </reporter-output>
        </test-method> <!-- closeserver -->
      </class> <!-- Assingment.Assignment2 -->
    </test> <!-- Default test -->
  </suite> <!-- Default suite -->
</testng-results>
